# JRE version: OpenJDK Runtime Environment (17.0.10+7) (build 17.0.10+7-Ubuntu-120.04.1)
# Java VM: OpenJDK 64-Bit Server VM (17.0.10+7-Ubuntu-120.04.1, mixed mode, sharing, tiered, compressed oops, compressed class ptrs, g1 gc, linux-amd64)
GC Precious Log:
 CPUs: 4 total, 4 available
 Memory: 3683M
 Large Page Support: Disabled
 NUMA Support: Disabled
 Compressed Oops: Enabled (32-bit)
 Heap Region Size: 1M
 Heap Min Capacity: 8M
 Heap Initial Capacity: 58M
 Heap Max Capacity: 922M
 Pre-touch: Disabled
 Parallel Workers: 4
 Concurrent Workers: 1
 Concurrent Refinement Workers: 4
 Periodic GC: Disabled
Heap:
 garbage-first heap   total 464896K, used 188401K [0x00000000c6600000, 0x0000000100000000)
  region size 1024K, 6 young (6144K), 1 survivors (1024K)
 Metaspace       used 25364K, committed 25664K, reserved 1114112K
  class space    used 3497K, committed 3648K, reserved 1048576K
GC Heap History (18 events):
Event: 1.444 GC heap before
{Heap before GC invocations=0 (full 0):
 garbage-first heap   total 61440K, used 13232K [0x00000000c6600000, 0x0000000100000000)
  region size 1024K, 13 young (13312K), 0 survivors (0K)
 Metaspace       used 2771K, committed 2944K, reserved 1114112K
  class space    used 295K, committed 384K, reserved 1048576K
}
Event: 1.451 GC heap after
{Heap after GC invocations=1 (full 0):
 garbage-first heap   total 61440K, used 3220K [0x00000000c6600000, 0x0000000100000000)
  region size 1024K, 2 young (2048K), 2 survivors (2048K)
 Metaspace       used 2771K, committed 2944K, reserved 1114112K
  class space    used 295K, committed 384K, reserved 1048576K
}
Event: 2.852 GC heap before
{Heap before GC invocations=1 (full 0):
 garbage-first heap   total 61440K, used 23700K [0x00000000c6600000, 0x0000000100000000)
  region size 1024K, 23 young (23552K), 2 survivors (2048K)
 Metaspace       used 14587K, committed 14784K, reserved 1114112K
  class space    used 1679K, committed 1792K, reserved 1048576K
}
Event: 2.866 GC heap after
{Heap after GC invocations=2 (full 0):
 garbage-first heap   total 61440K, used 8035K [0x00000000c6600000, 0x0000000100000000)
  region size 1024K, 3 young (3072K), 3 survivors (3072K)
 Metaspace       used 14587K, committed 14784K, reserved 1114112K
  class space    used 1679K, committed 1792K, reserved 1048576K
}
Event: 3.252 GC heap before
{Heap before GC invocations=2 (full 0):
 garbage-first heap   total 61440K, used 20323K [0x00000000c6600000, 0x0000000100000000)
  region size 1024K, 16 young (16384K), 3 survivors (3072K)
 Metaspace       used 17794K, committed 17984K, reserved 1114112K
  class space    used 2228K, committed 2304K, reserved 1048576K
}
Event: 3.258 GC heap after
{Heap after GC invocations=3 (full 0):
 garbage-first heap   total 61440K, used 10265K [0x00000000c6600000, 0x0000000100000000)
  region size 1024K, 3 young (3072K), 3 survivors (3072K)
 Metaspace       used 17794K, committed 17984K, reserved 1114112K
  class space    used 2228K, committed 2304K, reserved 1048576K
}
Event: 3.627 GC heap before
{Heap before GC invocations=3 (full 0):
 garbage-first heap   total 61440K, used 34841K [0x00000000c6600000, 0x0000000100000000)
  region size 1024K, 4 young (4096K), 3 survivors (3072K)
 Metaspace       used 17975K, committed 18176K, reserved 1114112K
  class space    used 2255K, committed 2368K, reserved 1048576K
}
Event: 3.631 GC heap after
{Heap after GC invocations=4 (full 0):
 garbage-first heap   total 61440K, used 35241K [0x00000000c6600000, 0x0000000100000000)
  region size 1024K, 1 young (1024K), 1 survivors (1024K)
 Metaspace       used 17975K, committed 18176K, reserved 1114112K
  class space    used 2255K, committed 2368K, reserved 1048576K
}
Event: 5.244 GC heap before
{Heap before GC invocations=5 (full 0):
 garbage-first heap   total 246784K, used 190889K [0x00000000c6600000, 0x0000000100000000)
  region size 1024K, 12 young (12288K), 1 survivors (1024K)
 Metaspace       used 20298K, committed 20544K, reserved 1114112K
  class space    used 2670K, committed 2816K, reserved 1048576K
}
Event: 5.247 GC heap after
{Heap after GC invocations=6 (full 0):
 garbage-first heap   total 246784K, used 180189K [0x00000000c6600000, 0x0000000100000000)
  region size 1024K, 1 young (1024K), 1 survivors (1024K)
 Metaspace       used 20298K, committed 20544K, reserved 1114112K
  class space    used 2670K, committed 2816K, reserved 1048576K
}
Event: 12.275 GC heap before
{Heap before GC invocations=6 (full 0):
 garbage-first heap   total 246784K, used 192477K [0x00000000c6600000, 0x0000000100000000)
  region size 1024K, 12 young (12288K), 1 survivors (1024K)
 Metaspace       used 23237K, committed 23552K, reserved 1114112K
  class space    used 3100K, committed 3264K, reserved 1048576K
}
Event: 12.284 GC heap after
{Heap after GC invocations=7 (full 0):
 garbage-first heap   total 246784K, used 183366K [0x00000000c6600000, 0x0000000100000000)
  region size 1024K, 2 young (2048K), 2 survivors (2048K)
 Metaspace       used 23237K, committed 23552K, reserved 1114112K
  class space    used 3100K, committed 3264K, reserved 1048576K
}
Event: 14.216 GC heap before
{Heap before GC invocations=7 (full 0):
 garbage-first heap   total 246784K, used 192582K [0x00000000c6600000, 0x0000000100000000)
  region size 1024K, 12 young (12288K), 2 survivors (2048K)
 Metaspace       used 25098K, committed 25408K, reserved 1114112K
  class space    used 3494K, committed 3648K, reserved 1048576K
}
Event: 14.225 GC heap after
{Heap after GC invocations=8 (full 0):
 garbage-first heap   total 246784K, used 184390K [0x00000000c6600000, 0x0000000100000000)
  region size 1024K, 3 young (3072K), 3 survivors (3072K)
 Metaspace       used 25098K, committed 25408K, reserved 1114112K
  class space    used 3494K, committed 3648K, reserved 1048576K
}
Event: 14.495 GC heap before
{Heap before GC invocations=9 (full 0):
 garbage-first heap   total 353280K, used 208966K [0x00000000c6600000, 0x0000000100000000)
  region size 1024K, 4 young (4096K), 3 survivors (3072K)
 Metaspace       used 25108K, committed 25408K, reserved 1114112K
  class space    used 3494K, committed 3648K, reserved 1048576K
}
Event: 14.499 GC heap after
{Heap after GC invocations=10 (full 0):
 garbage-first heap   total 353280K, used 208997K [0x00000000c6600000, 0x0000000100000000)
  region size 1024K, 2 young (2048K), 2 survivors (2048K)
 Metaspace       used 25108K, committed 25408K, reserved 1114112K
  class space    used 3494K, committed 3648K, reserved 1048576K
}
Event: 15.060 GC heap before
{Heap before GC invocations=11 (full 0):
 garbage-first heap   total 464896K, used 275557K [0x00000000c6600000, 0x0000000100000000)
  region size 1024K, 3 young (3072K), 2 survivors (2048K)
 Metaspace       used 25126K, committed 25408K, reserved 1114112K
  class space    used 3496K, committed 3648K, reserved 1048576K
}
Event: 15.063 GC heap after
{Heap after GC invocations=12 (full 0):
 garbage-first heap   total 464896K, used 275441K [0x00000000c6600000, 0x0000000100000000)
  region size 1024K, 1 young (1024K), 1 survivors (1024K)
 Metaspace       used 25126K, committed 25408K, reserved 1114112K
  class space    used 3496K, committed 3648K, reserved 1048576K
}

